<?xml version="1.0" encoding="UTF-8"?>
<coverage generated="1534509578522" clover="3.2.0">
  <project timestamp="1534509578522" name="All files">
    <metrics statements="4" coveredstatements="4" conditionals="0" coveredconditionals="0" methods="1" coveredmethods="0" elements="5" coveredelements="4" complexity="0" loc="4" ncloc="4" packages="1" files="1" classes="1">
      <file name="app.ts" path="/Users/cperez/Downloads/server-stan/server-stan/src/app.ts">
        <metrics statements="4" coveredstatements="4" conditionals="0" coveredconditionals="0" methods="1" coveredmethods="0"/>
        <line num="2" count="1" type="stmt"/>
        <line num="5" count="1" type="stmt"/>
        <line num="7" count="1" type="stmt"/>
        <line num="9" count="1" type="stmt"/>
      </file>
    </metrics>
  </project>
</coverage>
